<?xml version="1.0" encoding="UTF-8"?>
<testsuite name="pruebautest.Utest" tests="1" skipped="0" failures="0" errors="0" timestamp="2021-07-01T19:15:13" hostname="DIEGOMARTINEZ" time="102.935">
  <properties/>
  <testcase name="test" classname="pruebautest.Utest" time="102.935"/>
  <system-out><![CDATA[]]></system-out>
  <system-err><![CDATA[Starting ChromeDriver 91.0.4472.19 (1bf021f248676a0b2ab3ee0561d83a59e424c23e-refs/branch-heads/4472@{#288}) on port 2322
Only local connections are allowed.
Please see https://chromedriver.chromium.org/security-considerations for suggestions on keeping ChromeDriver safe.
ChromeDriver was started successfully.
jul 01, 2021 2:15:28 PM org.openqa.selenium.remote.ProtocolHandshake createSession
INFORMACIÓN: Detected dialect: W3C
]]></system-err>
</testsuite>
